0 info it worked if it ends with ok
1 verbose cli [
1 verbose cli   'C:\\Program Files\\nodejs\\node.exe',
1 verbose cli   'C:\\Users\\zalkar\\AppData\\Roaming\\npm\\node_modules\\npm\\bin\\npm-cli.js',
1 verbose cli   'run',
1 verbose cli   'css:watch'
1 verbose cli ]
2 info using npm@3.10.10
3 info using node@v12.16.1
4 verbose run-script [ 'precss:watch', 'css:watch', 'postcss:watch' ]
5 info lifecycle uber@1.0.0~precss:watch: uber@1.0.0
6 silly lifecycle uber@1.0.0~precss:watch: no script for precss:watch, continuing
7 info lifecycle uber@1.0.0~css:watch: uber@1.0.0
8 verbose lifecycle uber@1.0.0~css:watch: unsafe-perm in lifecycle true
9 verbose lifecycle uber@1.0.0~css:watch: PATH: C:\Users\zalkar\AppData\Roaming\npm\node_modules\npm\bin\node-gyp-bin;C:\scss-projects\uber\node_modules\.bin;C:\Program Files (x86)\Common Files\Oracle\Java\javapath;C:\Program Files (x86)\Common Files\Intel\Shared Libraries\redist\intel64\compiler;C:\Python27\;C:\Python27\Scripts;C:\WINDOWS\system32;C:\WINDOWS;C:\WINDOWS\System32\Wbem;C:\WINDOWS\System32\WindowsPowerShell\v1.0\;C:\Program Files\Git\cmd;C:\WINDOWS\System32\OpenSSH\;C:\ProgramData\chocolatey\bin;C:\Program Files\Java\jdk1.8.0_211\bin;C:\Program Files\nodejs\;C:\Program Files (x86)\Brackets\command;C:\Users\Zalkar\AppData\Local\Microsoft\WindowsApps;C:\Users\Zalkar\AppData\Local\Programs\Microsoft VS Code\bin;C:\Users\Zalkar\AppData\Local\atom\bin;C:\Users\zalkar\AppData\Local\Microsoft\WindowsApps;C:\Users\Zalkar\AppData\Roaming\npm;C:\Program Files\JetBrains\WebStorm 2019.2.3\bin
10 verbose lifecycle uber@1.0.0~css:watch: CWD: C:\scss-projects\uber
11 silly lifecycle uber@1.0.0~css:watch: Args: [ '/d /s /c', 'npm run css && node-sass scss/ -wo css' ]
12 verbose stack Error: kill ENOSYS
12 verbose stack     at process.kill (internal/process/per_thread.js:196:13)
12 verbose stack     at process.listener (C:\Users\zalkar\AppData\Roaming\npm\node_modules\npm\node_modules\npmlog\node_modules\gauge\node_modules\signal-exit\index.js:86:15)
12 verbose stack     at process.emit (events.js:323:22)
13 verbose cwd C:\scss-projects\uber
14 error Windows_NT 10.0.18363
15 error argv "C:\\Program Files\\nodejs\\node.exe" "C:\\Users\\zalkar\\AppData\\Roaming\\npm\\node_modules\\npm\\bin\\npm-cli.js" "run" "css:watch"
16 error node v12.16.1
17 error npm  v3.10.10
18 error code ENOSYS
19 error errno ENOSYS
20 error syscall kill
21 error kill ENOSYS
22 error If you need help, you may report this error at:
22 error     <https://github.com/npm/npm/issues>
23 verbose exit [ 1, true ]
